<?xml version="1.0" encoding="UTF-8"?>
<testng-results skipped="0" failed="0" ignored="0" total="1" passed="1">
  <reporter-output>
  </reporter-output>
  <suite name="Default suite" duration-ms="12354" started-at="2020-11-03T21:32:49 CST" finished-at="2020-11-03T21:33:01 CST">
    <groups>
    </groups>
    <test name="Default test" duration-ms="12354" started-at="2020-11-03T21:32:49 CST" finished-at="2020-11-03T21:33:01 CST">
      <class name="billing.LoginPage">
        <test-method status="PASS" signature="readConfig()[pri:0, instance:billing.LoginPage@5a8806ef]" name="readConfig" is-config="true" duration-ms="9" started-at="2020-11-03T21:32:49 CST" finished-at="2020-11-03T21:32:49 CST">
          <reporter-output>
          </reporter-output>
        </test-method> <!-- readConfig -->
        <test-method status="PASS" signature="Init()[pri:0, instance:billing.LoginPage@5a8806ef]" name="Init" is-config="true" duration-ms="7737" started-at="2020-11-03T21:32:49 CST" finished-at="2020-11-03T21:32:56 CST">
          <reporter-output>
          </reporter-output>
        </test-method> <!-- Init -->
        <test-method status="PASS" signature="logintest()[pri:0, instance:billing.LoginPage@5a8806ef]" name="logintest" duration-ms="4566" started-at="2020-11-03T21:32:56 CST" finished-at="2020-11-03T21:33:01 CST">
          <reporter-output>
          </reporter-output>
        </test-method> <!-- logintest -->
      </class> <!-- billing.LoginPage -->
    </test> <!-- Default test -->
  </suite> <!-- Default suite -->
</testng-results>
